# JRE version: Java(TM) SE Runtime Environment (8.0_05-b13) (build 1.8.0_05-b13)
# Java VM: Java HotSpot(TM) 64-Bit Server VM (25.5-b02 mixed mode windows-amd64 compressed oops)
Heap:
 PSYoungGen      total 2560K, used 1627K [0x00000000e0100000, 0x00000000e0400000, 0x0000000100000000)
  eden space 2048K, 55% used [0x00000000e0100000,0x00000000e021ae08,0x00000000e0300000)
  from space 512K, 96% used [0x00000000e0380000,0x00000000e03fc010,0x00000000e0400000)
  to   space 512K, 0% used [0x00000000e0300000,0x00000000e0300000,0x00000000e0380000)
 ParOldGen       total 96768K, used 586K [0x00000000a0200000, 0x00000000a6080000, 0x00000000e0100000)
  object space 96768K, 0% used [0x00000000a0200000,0x00000000a0292bf8,0x00000000a6080000)
 Metaspace       used 4453K, capacity 5088K, committed 5248K, reserved 1056768K
  class space    used 509K, capacity 528K, committed 640K, reserved 1048576K
GC Heap History (8 events):
Event: 0.079 GC heap before
{Heap before GC invocations=1 (full 0):
 PSYoungGen      total 1024K, used 512K [0x00000000e0100000, 0x00000000e0280000, 0x0000000100000000)
  eden space 512K, 100% used [0x00000000e0100000,0x00000000e0180000,0x00000000e0180000)
  from space 512K, 0% used [0x00000000e0200000,0x00000000e0200000,0x00000000e0280000)
  to   space 512K, 0% used [0x00000000e0180000,0x00000000e0180000,0x00000000e0200000)
 ParOldGen       total 96768K, used 0K [0x00000000a0200000, 0x00000000a6080000, 0x00000000e0100000)
  object space 96768K, 0% used [0x00000000a0200000,0x00000000a0200000,0x00000000a6080000)
 Metaspace       used 2517K, capacity 4480K, committed 4480K, reserved 1056768K
  class space    used 273K, capacity 384K, committed 384K, reserved 1048576K
Event: 0.080 GC heap after
Heap after GC invocations=1 (full 0):
 PSYoungGen      total 1024K, used 464K [0x00000000e0100000, 0x00000000e0300000, 0x0000000100000000)
  eden space 512K, 0% used [0x00000000e0100000,0x00000000e0100000,0x00000000e0180000)
  from space 512K, 90% used [0x00000000e0180000,0x00000000e01f4010,0x00000000e0200000)
  to   space 512K, 0% used [0x00000000e0280000,0x00000000e0280000,0x00000000e0300000)
 ParOldGen       total 96768K, used 8K [0x00000000a0200000, 0x00000000a6080000, 0x00000000e0100000)
  object space 96768K, 0% used [0x00000000a0200000,0x00000000a0202000,0x00000000a6080000)
 Metaspace       used 2517K, capacity 4480K, committed 4480K, reserved 1056768K
  class space    used 273K, capacity 384K, committed 384K, reserved 1048576K
}
Event: 0.104 GC heap before
{Heap before GC invocations=2 (full 0):
 PSYoungGen      total 1024K, used 976K [0x00000000e0100000, 0x00000000e0300000, 0x0000000100000000)
  eden space 512K, 100% used [0x00000000e0100000,0x00000000e0180000,0x00000000e0180000)
  from space 512K, 90% used [0x00000000e0180000,0x00000000e01f4010,0x00000000e0200000)
  to   space 512K, 0% used [0x00000000e0280000,0x00000000e0280000,0x00000000e0300000)
 ParOldGen       total 96768K, used 8K [0x00000000a0200000, 0x00000000a6080000, 0x00000000e0100000)
  object space 96768K, 0% used [0x00000000a0200000,0x00000000a0202000,0x00000000a6080000)
 Metaspace       used 2991K, capacity 4494K, committed 4864K, reserved 1056768K
  class space    used 327K, capacity 386K, committed 512K, reserved 1048576K
Event: 0.104 GC heap after
Heap after GC invocations=2 (full 0):
 PSYoungGen      total 1536K, used 496K [0x00000000e0100000, 0x00000000e0300000, 0x0000000100000000)
  eden space 1024K, 0% used [0x00000000e0100000,0x00000000e0100000,0x00000000e0200000)
  from space 512K, 96% used [0x00000000e0280000,0x00000000e02fc010,0x00000000e0300000)
  to   space 512K, 0% used [0x00000000e0200000,0x00000000e0200000,0x00000000e0280000)
 ParOldGen       total 96768K, used 128K [0x00000000a0200000, 0x00000000a6080000, 0x00000000e0100000)
  object space 96768K, 0% used [0x00000000a0200000,0x00000000a0220000,0x00000000a6080000)
 Metaspace       used 2991K, capacity 4494K, committed 4864K, reserved 1056768K
  class space    used 327K, capacity 386K, committed 512K, reserved 1048576K
}
Event: 0.198 GC heap before
{Heap before GC invocations=3 (full 0):
 PSYoungGen      total 1536K, used 1520K [0x00000000e0100000, 0x00000000e0300000, 0x0000000100000000)
  eden space 1024K, 100% used [0x00000000e0100000,0x00000000e0200000,0x00000000e0200000)
  from space 512K, 96% used [0x00000000e0280000,0x00000000e02fc010,0x00000000e0300000)
  to   space 512K, 0% used [0x00000000e0200000,0x00000000e0200000,0x00000000e0280000)
 ParOldGen       total 96768K, used 128K [0x00000000a0200000, 0x00000000a6080000, 0x00000000e0100000)
  object space 96768K, 0% used [0x00000000a0200000,0x00000000a0220000,0x00000000a6080000)
 Metaspace       used 3938K, capacity 4704K, committed 4864K, reserved 1056768K
  class space    used 435K, capacity 464K, committed 512K, reserved 1048576K
Event: 0.199 GC heap after
Heap after GC invocations=3 (full 0):
 PSYoungGen      total 1536K, used 496K [0x00000000e0100000, 0x00000000e0400000, 0x0000000100000000)
  eden space 1024K, 0% used [0x00000000e0100000,0x00000000e0100000,0x00000000e0200000)
  from space 512K, 96% used [0x00000000e0200000,0x00000000e027c010,0x00000000e0280000)
  to   space 512K, 0% used [0x00000000e0380000,0x00000000e0380000,0x00000000e0400000)
 ParOldGen       total 96768K, used 382K [0x00000000a0200000, 0x00000000a6080000, 0x00000000e0100000)
  object space 96768K, 0% used [0x00000000a0200000,0x00000000a025f810,0x00000000a6080000)
 Metaspace       used 3938K, capacity 4704K, committed 4864K, reserved 1056768K
  class space    used 435K, capacity 464K, committed 512K, reserved 1048576K
}
Event: 0.259 GC heap before
{Heap before GC invocations=4 (full 0):
 PSYoungGen      total 1536K, used 1520K [0x00000000e0100000, 0x00000000e0400000, 0x0000000100000000)
  eden space 1024K, 100% used [0x00000000e0100000,0x00000000e0200000,0x00000000e0200000)
  from space 512K, 96% used [0x00000000e0200000,0x00000000e027c010,0x00000000e0280000)
  to   space 512K, 0% used [0x00000000e0380000,0x00000000e0380000,0x00000000e0400000)
 ParOldGen       total 96768K, used 382K [0x00000000a0200000, 0x00000000a6080000, 0x00000000e0100000)
  object space 96768K, 0% used [0x00000000a0200000,0x00000000a025f810,0x00000000a6080000)
 Metaspace       used 4283K, capacity 4928K, committed 5120K, reserved 1056768K
  class space    used 470K, capacity 496K, committed 512K, reserved 1048576K
Event: 0.260 GC heap after
Heap after GC invocations=4 (full 0):
 PSYoungGen      total 2560K, used 496K [0x00000000e0100000, 0x00000000e0400000, 0x0000000100000000)
  eden space 2048K, 0% used [0x00000000e0100000,0x00000000e0100000,0x00000000e0300000)
  from space 512K, 96% used [0x00000000e0380000,0x00000000e03fc010,0x00000000e0400000)
  to   space 512K, 0% used [0x00000000e0300000,0x00000000e0300000,0x00000000e0380000)
 ParOldGen       total 96768K, used 586K [0x00000000a0200000, 0x00000000a6080000, 0x00000000e0100000)
  object space 96768K, 0% used [0x00000000a0200000,0x00000000a0292bf8,0x00000000a6080000)
 Metaspace       used 4283K, capacity 4928K, committed 5120K, reserved 1056768K
  class space    used 470K, capacity 496K, committed 512K, reserved 1048576K
}

